0 info it worked if it ends with ok
1 verbose cli [ '/Users/raphaelmiranda/.nvm/versions/node/v6.1.0/bin/node',
1 verbose cli   '/Users/raphaelmiranda/.nvm/versions/node/v6.1.0/bin/npm',
1 verbose cli   'start' ]
2 info using npm@3.8.6
3 info using node@v6.1.0
4 verbose run-script [ 'prestart', 'start', 'poststart' ]
5 info lifecycle rest-api-express@0.0.4~prestart: rest-api-express@0.0.4
6 silly lifecycle rest-api-express@0.0.4~prestart: no script for prestart, continuing
7 info lifecycle rest-api-express@0.0.4~start: rest-api-express@0.0.4
8 verbose lifecycle rest-api-express@0.0.4~start: unsafe-perm in lifecycle true
9 verbose lifecycle rest-api-express@0.0.4~start: PATH: /Users/raphaelmiranda/.nvm/versions/node/v6.1.0/lib/node_modules/npm/bin/node-gyp-bin:/Users/raphaelmiranda/workspace/hotelsearch/server/node_modules/.bin:/Users/raphaelmiranda/.nvm/versions/node/v6.1.0/bin:/Users/raphaelmiranda/.rvm/gems/ruby-2.3.0/bin:/Users/raphaelmiranda/.rvm/gems/ruby-2.3.0@global/bin:/Users/raphaelmiranda/.rvm/rubies/ruby-2.3.0/bin:/Users/raphaelmiranda/.nvm/versions/node/v6.1.0/bin:/Users/raphaelmiranda/.gvm/pkgsets/go1.5/global/bin:/Users/raphaelmiranda/.gvm/gos/go1.5/bin:/Users/raphaelmiranda/.gvm/pkgsets/go1.5/global/overlay/bin:/Users/raphaelmiranda/.gvm/bin:/Users/raphaelmiranda/.gvm/bin:/Users/raphaelmiranda/local/bin:/usr/local/sbin:/Users/raphaelmiranda/.pyenv/shims:/Users/raphaelmiranda/.pyenv/bin:/Users/raphaelmiranda/.rbenv/shims:/Users/raphaelmiranda/.rbenv/bin:/usr/local/bin:/usr/bin:/bin:/usr/sbin:/sbin:/opt/X11/bin:/Users/raphaelmiranda/.rvm/bin
10 verbose lifecycle rest-api-express@0.0.4~start: CWD: /Users/raphaelmiranda/workspace/hotelsearch/server
11 silly lifecycle rest-api-express@0.0.4~start: Args: [ '-c', 'node express.js' ]
12 silly lifecycle rest-api-express@0.0.4~start: Returned: code: 1  signal: null
13 info lifecycle rest-api-express@0.0.4~start: Failed to exec start script
14 verbose stack Error: rest-api-express@0.0.4 start: `node express.js`
14 verbose stack Exit status 1
14 verbose stack     at EventEmitter.<anonymous> (/Users/raphaelmiranda/.nvm/versions/node/v6.1.0/lib/node_modules/npm/lib/utils/lifecycle.js:239:16)
14 verbose stack     at emitTwo (events.js:106:13)
14 verbose stack     at EventEmitter.emit (events.js:191:7)
14 verbose stack     at ChildProcess.<anonymous> (/Users/raphaelmiranda/.nvm/versions/node/v6.1.0/lib/node_modules/npm/lib/utils/spawn.js:24:14)
14 verbose stack     at emitTwo (events.js:106:13)
14 verbose stack     at ChildProcess.emit (events.js:191:7)
14 verbose stack     at maybeClose (internal/child_process.js:850:16)
14 verbose stack     at Process.ChildProcess._handle.onexit (internal/child_process.js:215:5)
15 verbose pkgid rest-api-express@0.0.4
16 verbose cwd /Users/raphaelmiranda/workspace/hotelsearch/server
17 error Darwin 14.5.0
18 error argv "/Users/raphaelmiranda/.nvm/versions/node/v6.1.0/bin/node" "/Users/raphaelmiranda/.nvm/versions/node/v6.1.0/bin/npm" "start"
19 error node v6.1.0
20 error npm  v3.8.6
21 error code ELIFECYCLE
22 error rest-api-express@0.0.4 start: `node express.js`
22 error Exit status 1
23 error Failed at the rest-api-express@0.0.4 start script 'node express.js'.
23 error Make sure you have the latest version of node.js and npm installed.
23 error If you do, this is most likely a problem with the rest-api-express package,
23 error not with npm itself.
23 error Tell the author that this fails on your system:
23 error     node express.js
23 error You can get information on how to open an issue for this project with:
23 error     npm bugs rest-api-express
23 error Or if that isn't available, you can get their info via:
23 error     npm owner ls rest-api-express
23 error There is likely additional logging output above.
24 verbose exit [ 1, true ]
